This is pdfTeX, Version 3.1415926-2.5-1.40.14 (TeX Live 2013/Debian) (format=pdflatex 2015.9.26)  17 DEC 2015 18:04
entering extended mode
 restricted \write18 enabled.
 %&-line parsing enabled.
**chapter12.tex
(./chapter12.tex
LaTeX2e <2011/06/27>
Babel <3.9h> and hyphenation patterns for 78 languages loaded.
! Undefined control sequence.
l.2 \chapter
            {Individual Spread Footing}
? 
! Interruption.
<to be read again> 
                   {
l.2 \chapter{
             Individual Spread Footing}
? x
 
Here is how much of TeX's memory you used:
 5 strings out of 493304
 141 string characters out of 6139871
 51880 words of memory out of 5000000
 3564 multiletter control sequences out of 15000+600000
 3640 words of font info for 14 fonts, out of 8000000 for 9000
 957 hyphenation exceptions out of 8191
 5i,0n,1p,77b,8s stack positions out of 5000i,500n,10000p,200000b,80000s
No pages of output.
PDF statistics:
 0 PDF objects out of 1000 (max. 8388607)
 0 named destinations out of 1000 (max. 500000)
 1 words of extra memory for PDF output out of 10000 (max. 10000000)

